"D:/Work/Projects/GCS/GCSGolfQuest/GolfQuest/Content/_Assets/Modular_MiniGolf/Textures_Minigolf/Textures_MiniGolf_Tiles/T_SideTwoLP_OcclusionRoughnessMetallic.uasset" 0
"D:/Work/Projects/GCS/GCSGolfQuest/GolfQuest/Content/_Assets/Modular_MiniGolf/Textures_Minigolf/Textures_MiniGolf_Tiles/T_SideTwoLP_Normal.uasset" 1
"D:/Work/Projects/GCS/GCSGolfQuest/GolfQuest/Content/_Assets/Modular_MiniGolf/Textures_Minigolf/Textures_MiniGolf_Tiles/T_SideTwoLP_Mask.uasset" 2
"D:/Work/Projects/GCS/GCSGolfQuest/GolfQuest/Content/_Assets/Modular_MiniGolf/Textures_Minigolf/Textures_MiniGolf_Tiles/T_SideTwoLP_BaseColor.uasset" 3
"D:/Work/Projects/GCS/GCSGolfQuest/GolfQuest/Content/_Assets/Modular_MiniGolf/Textures_Minigolf/Textures_MiniGolf_Tiles/T_SideOneLP_Normal.uasset" 4
"D:/Work/Projects/GCS/GCSGolfQuest/GolfQuest/Content/_Assets/Modular_MiniGolf/Textures_Minigolf/Textures_MiniGolf_Tiles/T_SideOneLP_Mask.uasset" 5
"D:/Work/Projects/GCS/GCSGolfQuest/GolfQuest/Content/_Assets/Modular_MiniGolf/Textures_Minigolf/Textures_MiniGolf_Tiles/T_SideOneLP_BaseColor.uasset" 6
"D:/Work/Projects/GCS/GCSGolfQuest/GolfQuest/Content/_Assets/Modular_MiniGolf/Textures_Minigolf/Textures_MiniGolf_Tiles/T_SideOne_OcclusionRoughnessMetallic.uasset" 7
"D:/Work/Projects/GCS/GCSGolfQuest/GolfQuest/Content/_Assets/Modular_MiniGolf/Materials_Minigolf/M_GolfTilesMaster.uasset" 8
"D:/Work/Projects/GCS/GCSGolfQuest/GolfQuest/Content/_Assets/Modular_MiniGolf/Material_Instances_Minigolf/MI_GolfTilesMaster.uasset" 9
"D:/Work/Projects/GCS/GCSGolfQuest/GolfQuest/Content/_Assets/Modular_MiniGolf/Material_Instances_Minigolf/Individual_Blockers/MI_SideTwo.uasset" 10
"D:/Work/Projects/GCS/GCSGolfQuest/GolfQuest/Content/_Assets/Modular_MiniGolf/Meshes_Minigolf/SM_SideTwo.uasset" 11
"D:/Work/Projects/GCS/GCSGolfQuest/GolfQuest/Content/ProceduralTest/F_DirectionTracker.uasset" 12
"D:/Work/Projects/GCS/GCSGolfQuest/GolfQuest/Content/_Assets/Geometry/Meshes/CubeMaterial.uasset" 13
"D:/Work/Projects/GCS/GCSGolfQuest/GolfQuest/Content/_Assets/Geometry/Meshes/1M_Cube.uasset" 14
"D:/Work/Projects/GCS/GCSGolfQuest/GolfQuest/Content/ProceduralTest/F_AssetTableRow.uasset" 15
"D:/Work/Projects/GCS/GCSGolfQuest/GolfQuest/Content/_Assets/Modular_MiniGolf/Textures_Minigolf/Textures_MiniGolf_Tiles/T_SideThreeLP_OcclusionRoughnessMetallic.uasset" 16
"D:/Work/Projects/GCS/GCSGolfQuest/GolfQuest/Content/_Assets/Modular_MiniGolf/Textures_Minigolf/Textures_MiniGolf_Tiles/T_SideThreeLP_Normal.uasset" 17
"D:/Work/Projects/GCS/GCSGolfQuest/GolfQuest/Content/_Assets/Modular_MiniGolf/Textures_Minigolf/Textures_MiniGolf_Tiles/T_SideThreeLP_Mask.uasset" 18
"D:/Work/Projects/GCS/GCSGolfQuest/GolfQuest/Content/_Assets/Modular_MiniGolf/Textures_Minigolf/Textures_MiniGolf_Tiles/T_SideThreeLP_BaseColor.uasset" 19
"D:/Work/Projects/GCS/GCSGolfQuest/GolfQuest/Content/_Assets/Modular_MiniGolf/Material_Instances_Minigolf/Individual_Blockers/MI_SideThree.uasset" 20
"D:/Work/Projects/GCS/GCSGolfQuest/GolfQuest/Content/_Assets/Modular_MiniGolf/Meshes_Minigolf/SM_SideThree.uasset" 21
"D:/Work/Projects/GCS/GCSGolfQuest/GolfQuest/Content/_Assets/Modular_MiniGolf/Textures_Minigolf/Textures_MiniGolf_Tiles/T_HardEdgeLP_OcclusionRoughnessMetallic.uasset" 22
"D:/Work/Projects/GCS/GCSGolfQuest/GolfQuest/Content/_Assets/Modular_MiniGolf/Textures_Minigolf/Textures_MiniGolf_Tiles/T_HardEdgeLP_Normal.uasset" 23
"D:/Work/Projects/GCS/GCSGolfQuest/GolfQuest/Content/_Assets/Modular_MiniGolf/Textures_Minigolf/Textures_MiniGolf_Tiles/T_HardEdgeLP_Mask.uasset" 24
"D:/Work/Projects/GCS/GCSGolfQuest/GolfQuest/Content/_Assets/Modular_MiniGolf/Textures_Minigolf/Textures_MiniGolf_Tiles/T_HardEdgeLP_BaseColor.uasset" 25
"D:/Work/Projects/GCS/GCSGolfQuest/GolfQuest/Content/_Assets/Modular_MiniGolf/Material_Instances_Minigolf/Individual_Blockers/MI_HardEdge.uasset" 26
"D:/Work/Projects/GCS/GCSGolfQuest/GolfQuest/Content/_Assets/Modular_MiniGolf/Meshes_Minigolf/SM_HardEdge.uasset" 27
"D:/Work/Projects/GCS/GCSGolfQuest/GolfQuest/Content/_Assets/Modular_MiniGolf/Textures_Minigolf/Textures_MiniGolf_Tiles/T_Hole_OcclusionRoughnessMetallic.uasset" 28
"D:/Work/Projects/GCS/GCSGolfQuest/GolfQuest/Content/_Assets/Modular_MiniGolf/Textures_Minigolf/Textures_MiniGolf_Tiles/T_Hole_Normal.uasset" 29
"D:/Work/Projects/GCS/GCSGolfQuest/GolfQuest/Content/_Assets/Modular_MiniGolf/Textures_Minigolf/Textures_MiniGolf_Tiles/T_Hole_Mask.uasset" 30
"D:/Work/Projects/GCS/GCSGolfQuest/GolfQuest/Content/_Assets/Modular_MiniGolf/Textures_Minigolf/Textures_MiniGolf_Tiles/T_Hole_BaseColor.uasset" 31
"D:/Work/Projects/GCS/GCSGolfQuest/GolfQuest/Content/_Assets/Modular_MiniGolf/Material_Instances_Minigolf/Individual_Blockers/MI_Hole.uasset" 32
"D:/Work/Projects/GCS/GCSGolfQuest/GolfQuest/Content/_Assets/Modular_MiniGolf/Meshes_Minigolf/SM_Hole.uasset" 33
"D:/Work/Projects/GCS/GCSGolfQuest/GolfQuest/Content/ProceduralTest/DefaultPackTable.uasset" 34
"D:/Work/Projects/GCS/GCSGolfQuest/GolfQuest/Content/ProceduralTest/AssetDataTable.uasset" 35
"D:/Work/Projects/GCS/GCSGolfQuest/GolfQuest/Content/ProceduralTest/E_NodeType.uasset" 36
"D:/Work/Projects/GCS/GCSGolfQuest/GolfQuest/Content/ProceduralTest/M_TestGen.uasset" 37
"D:/Work/Projects/GCS/GCSGolfQuest/GolfQuest/Content/ProceduralTest/MI_TestGen_2.uasset" 38
"D:/Work/Projects/GCS/GCSGolfQuest/GolfQuest/Content/VirtualRealityBP/NonBPAssets/Materials/TeleportMCP.uasset" 39
"../../../Engine/Content/Functions/Engine_MaterialFunctions02/Utility/CameraDirectionVector.uasset" 40
"../../../Engine/Content/Functions/Engine_MaterialFunctions02/Utility/BreakOutFloat2Components.uasset" 41
"../../../Engine/Content/Functions/Engine_MaterialFunctions02/ScreenResolution.uasset" 42
"../../../Engine/Content/Functions/Engine_MaterialFunctions01/Texturing/ScaleUVsByCenter.uasset" 43
"../../../Engine/Content/Functions/Engine_MaterialFunctions02/Texturing/ScreenAlignedUVs.uasset" 44
"../../../Engine/Content/EngineMaterials/Good64x64TilingNoiseHighFreq.uasset" 45
"../../../Engine/Content/Functions/Engine_MaterialFunctions02/Utility/DepthFromWorldPosition.uasset" 46
"D:/Work/Projects/GCS/GCSGolfQuest/GolfQuest/Content/VirtualRealityBP/NonBPAssets/Materials/MF_OccludedPixels.uasset" 47
"D:/Work/Projects/GCS/GCSGolfQuest/GolfQuest/Content/VirtualRealityBP/NonBPAssets/Materials/M_ArcEndpoint.uasset" 48
"D:/Work/Projects/GCS/GCSGolfQuest/GolfQuest/Content/VirtualRealityBP/NonBPAssets/Materials/M_TeleportPreviews.uasset" 49
"D:/Work/Projects/GCS/GCSGolfQuest/GolfQuest/Content/VirtualRealityBP/NonBPAssets/Materials/MI_TeleportCylinderPreview.uasset" 50
"../../../Engine/Content/EngineMaterials/T_Default_Material_Grid_N.uasset" 51
"../../../Engine/Content/EngineMaterials/T_Default_Material_Grid_M.uasset" 52
"../../../Engine/Content/Functions/Engine_MaterialFunctions01/Opacity/CameraDepthFade.uasset" 53
"../../../Engine/Content/EngineMaterials/DefaultMaterial.uasset" 54
"../../../Engine/Content/BasicShapes/Cylinder.uasset" 55
"../../../Engine/Content/EngineMaterials/WorldGridMaterial.uasset" 56
"D:/Work/Projects/GCS/GCSGolfQuest/GolfQuest/Content/VirtualRealityBP/NonBPAssets/Meshes/BeaconDirection.uasset" 57
"D:/Work/Projects/GCS/GCSGolfQuest/GolfQuest/Content/VirtualRealityBP/NonBPAssets/Meshes/SM_FatCylinder.uasset" 58
"D:/Work/Projects/GCS/GCSGolfQuest/GolfQuest/Content/VirtualRealityBP/Blueprints/HMDLocomotionPawn.uasset" 59
"../../../Engine/Content/EditorBlueprintResources/StandardMacros.uasset" 60
"D:/Work/Projects/GCS/GCSGolfQuest/GolfQuest/Content/VirtualRealityBP/Blueprints/PickupActorInterface.uasset" 61
"D:/Work/Projects/GCS/GCSGolfQuest/GolfQuest/Content/VirtualRealityBP/Blueprints/MotionControllerHaptics.uasset" 62
"D:/Work/Projects/GCS/GCSGolfQuest/GolfQuest/Content/VirtualRealityBP/Blueprints/GripEnum.uasset" 63
"D:/Work/Projects/GCS/GCSGolfQuest/GolfQuest/Content/VirtualRealityBP/NonBPAssets/Mannequin/Character/Mesh/MannequinHand_Right_Skeleton.uasset" 64
"../../../Engine/Content/Animation/DefaultAnimCurveCompressionSettings.uasset" 65
"../../../Engine/Content/Animation/DefaultAnimBoneCompressionSettings.uasset" 66
"D:/Work/Projects/GCS/GCSGolfQuest/GolfQuest/Content/VirtualRealityBP/NonBPAssets/Mannequin/Animations/MannequinHand_Right_Open.uasset" 67
"D:/Work/Projects/GCS/GCSGolfQuest/GolfQuest/Content/VirtualRealityBP/NonBPAssets/Mannequin/Animations/MannequinHand_Right_Grab.uasset" 68
"D:/Work/Projects/GCS/GCSGolfQuest/GolfQuest/Content/VirtualRealityBP/NonBPAssets/Mannequin/Animations/MannequinHand_Right_CanGrab.uasset" 69
"D:/Work/Projects/GCS/GCSGolfQuest/GolfQuest/Content/VirtualRealityBP/NonBPAssets/Mannequin/Animations/RightGrip_BS.uasset" 70
"D:/Work/Projects/GCS/GCSGolfQuest/GolfQuest/Content/VirtualRealityBP/NonBPAssets/Mannequin/Animations/RightHand_AnimBP.uasset" 71
"D:/Work/Projects/GCS/GCSGolfQuest/GolfQuest/Content/VirtualRealityBP/NonBPAssets/Materials/M_SplineArcMat.uasset" 72
"D:/Work/Projects/GCS/GCSGolfQuest/GolfQuest/Content/VirtualRealityBP/NonBPAssets/Materials/MI_ChaperoneOutline.uasset" 73
"../../../Engine/Content/BasicShapes/Sphere.uasset" 74
"D:/Work/Projects/GCS/GCSGolfQuest/GolfQuest/Content/VirtualRealityBP/NonBPAssets/Mannequin/Character/Mesh/MannequinHand_Right_PhysicsAsset.uasset" 75
"D:/Work/Projects/GCS/GCSGolfQuest/GolfQuest/Content/VirtualRealityBP/NonBPAssets/Mannequin/Character/Textures/UE4_Mannequin_MAT_MASKA.uasset" 76
"D:/Work/Projects/GCS/GCSGolfQuest/GolfQuest/Content/VirtualRealityBP/NonBPAssets/Mannequin/Character/Textures/UE4_Mannequin__normals.uasset" 77
"D:/Work/Projects/GCS/GCSGolfQuest/GolfQuest/Content/VirtualRealityBP/NonBPAssets/Mannequin/Character/Materials/M_HandMat.uasset" 78
"D:/Work/Projects/GCS/GCSGolfQuest/GolfQuest/Content/VirtualRealityBP/NonBPAssets/Mannequin/Character/Mesh/MannequinHand_Right.uasset" 79
"D:/Work/Projects/GCS/GCSGolfQuest/GolfQuest/Content/VirtualRealityBP/NonBPAssets/Meshes/1x1_cube.uasset" 80
"D:/Work/Projects/GCS/GCSGolfQuest/GolfQuest/Content/VirtualRealityBP/NonBPAssets/Meshes/BeamMesh.uasset" 81
"D:/Work/Projects/GCS/GCSGolfQuest/GolfQuest/Content/VirtualRealityBP/Blueprints/BP_MotionController.uasset" 82
"D:/Work/Projects/GCS/GCSGolfQuest/GolfQuest/Content/VirtualRealityBP/Blueprints/MotionControllerPawn.uasset" 83
"D:/Work/Projects/GCS/GCSGolfQuest/GolfQuest/Content/_Assets/CustomHand/Texture/FPH_SSS-Nail-Palm_Mask.uasset" 84
"D:/Work/Projects/GCS/GCSGolfQuest/GolfQuest/Content/_Assets/CustomHand/Texture/FPH_Normals.uasset" 85
"D:/Work/Projects/GCS/GCSGolfQuest/GolfQuest/Content/_Assets/CustomHand/Texture/FPH_MetalSmooth.uasset" 86
"D:/Work/Projects/GCS/GCSGolfQuest/GolfQuest/Content/_Assets/CustomHand/Texture/FPH_Albedo.uasset" 87
"D:/Work/Projects/GCS/GCSGolfQuest/GolfQuest/Content/_Assets/CustomHand/Materials/Hand_Mat_Master.uasset" 88
"D:/Work/Projects/GCS/GCSGolfQuest/GolfQuest/Content/_Assets/CustomHand/Materials/Instances/Hand_MatInst_Tan.uasset" 89
"../../../Engine/Content/EngineMeshes/Humanoid.uasset" 90
"D:/Work/Projects/GCS/GCSGolfQuest/GolfQuest/Content/_Assets/CustomHand/Skeleton/FirstPersonHand_Skeleton.uasset" 91
"D:/Work/Projects/GCS/GCSGolfQuest/GolfQuest/Content/_Assets/CustomHand/Mesh/FirstPersonHand.uasset" 92
"D:/Work/Projects/GCS/GCSGolfQuest/GolfQuest/Content/_Assets/Geometry/Meshes/1M_Cube_Chamfer.uasset" 93
"D:/Work/Projects/GCS/GCSGolfQuest/GolfQuest/Content/_Assets/Geometry/Meshes/TemplateFloor.uasset" 94
"D:/Work/Projects/GCS/GCSGolfQuest/GolfQuest/Content/_Assets/Geometry/Meshes/AlphaLevelMerged/T_PROXY_SM_AlphaLevelMerged_Normal.uasset" 95
"D:/Work/Projects/GCS/GCSGolfQuest/GolfQuest/Content/_Assets/Geometry/Meshes/AlphaLevelMerged/T_PROXY_SM_AlphaLevelMerged_Diffuse.uasset" 96
"../../../Engine/Content/EngineMaterials/BaseFlattenNormalMap.uasset" 97
"../../../Engine/Content/EngineMaterials/BaseFlattenGrayscaleMap.uasset" 98
"../../../Engine/Content/EngineMaterials/BaseFlattenEmissiveMap.uasset" 99
"../../../Engine/Content/EngineMaterials/BaseFlattenDiffuseMap.uasset" 100
"../../../Engine/Content/EngineMaterials/BaseFlattenMaterial.uasset" 101
"D:/Work/Projects/GCS/GCSGolfQuest/GolfQuest/Content/_Assets/Geometry/Meshes/AlphaLevelMerged/M_PROXY_SM_AlphaLevelMerged.uasset" 102
"D:/Work/Projects/GCS/GCSGolfQuest/GolfQuest/Content/_Assets/Modular_MiniGolf/lambert1.uasset" 103
"D:/Work/Projects/GCS/GCSGolfQuest/GolfQuest/Content/_Assets/Modular_MiniGolf/GQ_TilesWithHoles_MiniGolf_pCubee_hole.uasset" 104
"D:/Work/Projects/GCS/GCSGolfQuest/GolfQuest/Content/_Assets/Modular_MiniGolf/GQ_TilesWithHoles_MiniGolf_pCubee_hole1.uasset" 105
"D:/Work/Projects/GCS/GCSGolfQuest/GolfQuest/Content/_Assets/Modular_MiniGolf/GQ_TilesWithHoles_MiniGolf_pCube_hole.uasset" 106
"D:/Work/Projects/GCS/GCSGolfQuest/GolfQuest/Content/_Assets/Modular_MiniGolf/GQ_TilesWithHoles_MiniGolf_pCube_hole1.uasset" 107
"D:/Work/Projects/GCS/GCSGolfQuest/GolfQuest/Content/_Assets/Modular_MiniGolf/MiniGolf_pCube2.uasset" 108
"D:/Work/Projects/GCS/GCSGolfQuest/GolfQuest/Content/_Assets/Modular_MiniGolf/MiniGolf_pCube3.uasset" 109
"D:/Work/Projects/GCS/GCSGolfQuest/GolfQuest/Content/_Assets/Modular_MiniGolf/Materials_Minigolf/M_Ball_Physics.uasset" 110
"D:/Work/Projects/GCS/GCSGolfQuest/GolfQuest/Content/_Assets/Modular_MiniGolf/Textures_Minigolf/Textures_Minigolf_Misc/T_Ball_OcclusionRoughnessMetallic.uasset" 111
"D:/Work/Projects/GCS/GCSGolfQuest/GolfQuest/Content/_Assets/Modular_MiniGolf/Textures_Minigolf/Textures_Minigolf_Misc/T_Ball_Normal.uasset" 112
"D:/Work/Projects/GCS/GCSGolfQuest/GolfQuest/Content/_Assets/Modular_MiniGolf/Textures_Minigolf/Textures_Minigolf_Misc/T_Ball_BaseColor.uasset" 113
"D:/Work/Projects/GCS/GCSGolfQuest/GolfQuest/Content/_Assets/Modular_MiniGolf/Materials_Minigolf/M_Ball.uasset" 114
"D:/Work/Projects/GCS/GCSGolfQuest/GolfQuest/Content/_Assets/Modular_MiniGolf/Material_Instances_Minigolf/MI_Ball.uasset" 115
"D:/Work/Projects/GCS/GCSGolfQuest/GolfQuest/Content/_Assets/Modular_MiniGolf/Textures_Minigolf/Textures_MiniGolf_Tiles/T_BlockerLP_OcclusionRoughnessMetallic.uasset" 116
"D:/Work/Projects/GCS/GCSGolfQuest/GolfQuest/Content/_Assets/Modular_MiniGolf/Textures_Minigolf/Textures_MiniGolf_Tiles/T_BlockerLP_Normal.uasset" 117
"D:/Work/Projects/GCS/GCSGolfQuest/GolfQuest/Content/_Assets/Modular_MiniGolf/Textures_Minigolf/Textures_MiniGolf_Tiles/T_BlockerLP_Mask.uasset" 118
"D:/Work/Projects/GCS/GCSGolfQuest/GolfQuest/Content/_Assets/Modular_MiniGolf/Textures_Minigolf/Textures_MiniGolf_Tiles/T_BlockerLP_BaseColor.uasset" 119
"D:/Work/Projects/GCS/GCSGolfQuest/GolfQuest/Content/_Assets/Modular_MiniGolf/Material_Instances_Minigolf/Individual_Blockers/MI_Blocker.uasset" 120
"D:/Work/Projects/GCS/GCSGolfQuest/GolfQuest/Content/_Assets/Modular_MiniGolf/Meshes_Minigolf/SM_Blocker01.uasset" 121
"D:/Work/Projects/GCS/GCSGolfQuest/GolfQuest/Content/_Assets/Modular_MiniGolf/Textures_Minigolf/Textures_MiniGolf_Tiles/T_BlockerMiddle_OcclusionRoughnessMetallic.uasset" 122
"D:/Work/Projects/GCS/GCSGolfQuest/GolfQuest/Content/_Assets/Modular_MiniGolf/Textures_Minigolf/Textures_MiniGolf_Tiles/T_BlockerMiddle_Normal.uasset" 123
"D:/Work/Projects/GCS/GCSGolfQuest/GolfQuest/Content/_Assets/Modular_MiniGolf/Textures_Minigolf/Textures_MiniGolf_Tiles/T_BlockerMiddle_Mask.uasset" 124
"D:/Work/Projects/GCS/GCSGolfQuest/GolfQuest/Content/_Assets/Modular_MiniGolf/Textures_Minigolf/Textures_MiniGolf_Tiles/T_BlockerMiddle_BaseColor.uasset" 125
"D:/Work/Projects/GCS/GCSGolfQuest/GolfQuest/Content/_Assets/Modular_MiniGolf/Material_Instances_Minigolf/Individual_Blockers/MI_BlockerMiddle.uasset" 126
"D:/Work/Projects/GCS/GCSGolfQuest/GolfQuest/Content/_Assets/Modular_MiniGolf/Meshes_Minigolf/SM_BlockerMiddle.uasset" 127
"D:/Work/Projects/GCS/GCSGolfQuest/GolfQuest/Content/_Assets/Modular_MiniGolf/Textures_Minigolf/Textures_MiniGolf_Tiles/T_BlockerMiddle02_OcclusionRoughnessMetallic.uasset" 128
"D:/Work/Projects/GCS/GCSGolfQuest/GolfQuest/Content/_Assets/Modular_MiniGolf/Textures_Minigolf/Textures_MiniGolf_Tiles/T_BlockerMiddle02_Normal.uasset" 129
"D:/Work/Projects/GCS/GCSGolfQuest/GolfQuest/Content/_Assets/Modular_MiniGolf/Textures_Minigolf/Textures_MiniGolf_Tiles/T_BlockerMiddle02_Mask.uasset" 130
"D:/Work/Projects/GCS/GCSGolfQuest/GolfQuest/Content/_Assets/Modular_MiniGolf/Textures_Minigolf/Textures_MiniGolf_Tiles/T_BlockerMiddle02_BaseColor.uasset" 131
"D:/Work/Projects/GCS/GCSGolfQuest/GolfQuest/Content/_Assets/Modular_MiniGolf/Material_Instances_Minigolf/Individual_Blockers/MI_BlockerMiddle02.uasset" 132
"D:/Work/Projects/GCS/GCSGolfQuest/GolfQuest/Content/_Assets/Modular_MiniGolf/Meshes_Minigolf/SM_BlockerMiddle02.uasset" 133
"D:/Work/Projects/GCS/GCSGolfQuest/GolfQuest/Content/_Assets/Modular_MiniGolf/Textures_Minigolf/Textures_MiniGolf_Tiles/T_Blocker_02LP_OcclusionRoughnessMetallic.uasset" 134
"D:/Work/Projects/GCS/GCSGolfQuest/GolfQuest/Content/_Assets/Modular_MiniGolf/Textures_Minigolf/Textures_MiniGolf_Tiles/T_Blocker_02LP_Normal.uasset" 135
"D:/Work/Projects/GCS/GCSGolfQuest/GolfQuest/Content/_Assets/Modular_MiniGolf/Textures_Minigolf/Textures_MiniGolf_Tiles/T_Blocker02LP_Mask.uasset" 136
"D:/Work/Projects/GCS/GCSGolfQuest/GolfQuest/Content/_Assets/Modular_MiniGolf/Textures_Minigolf/Textures_MiniGolf_Tiles/T_Blocker02LP_BaseColor.uasset" 137
"D:/Work/Projects/GCS/GCSGolfQuest/GolfQuest/Content/_Assets/Modular_MiniGolf/Material_Instances_Minigolf/Individual_Blockers/MI_Blocker02.uasset" 138
"D:/Work/Projects/GCS/GCSGolfQuest/GolfQuest/Content/_Assets/Modular_MiniGolf/Meshes_Minigolf/SM_Blocker_02.uasset" 139
"D:/Work/Projects/GCS/GCSGolfQuest/GolfQuest/Content/_Assets/Modular_MiniGolf/Textures_Minigolf/Textures_MiniGolf_Tiles/T_Blocker_03_OcclusionRoughnessMetallic.uasset" 140
"D:/Work/Projects/GCS/GCSGolfQuest/GolfQuest/Content/_Assets/Modular_MiniGolf/Textures_Minigolf/Textures_MiniGolf_Tiles/T_Blocker_03_Normal.uasset" 141
"D:/Work/Projects/GCS/GCSGolfQuest/GolfQuest/Content/_Assets/Modular_MiniGolf/Textures_Minigolf/Textures_MiniGolf_Tiles/T_Blocker03_Mask.uasset" 142
"D:/Work/Projects/GCS/GCSGolfQuest/GolfQuest/Content/_Assets/Modular_MiniGolf/Textures_Minigolf/Textures_MiniGolf_Tiles/T_Blocker03_BaseColor.uasset" 143
"D:/Work/Projects/GCS/GCSGolfQuest/GolfQuest/Content/_Assets/Modular_MiniGolf/Material_Instances_Minigolf/Individual_Blockers/MI_Blocker03.uasset" 144
"D:/Work/Projects/GCS/GCSGolfQuest/GolfQuest/Content/_Assets/Modular_MiniGolf/Meshes_Minigolf/SM_Blocker_03.uasset" 145
"D:/Work/Projects/GCS/GCSGolfQuest/GolfQuest/Content/_Assets/Modular_MiniGolf/Textures_Minigolf/Textures_MiniGolf_Tiles/T_FlatAndWood_OcclusionRoughnessMetallic.uasset" 146
"D:/Work/Projects/GCS/GCSGolfQuest/GolfQuest/Content/_Assets/Modular_MiniGolf/Textures_Minigolf/Textures_MiniGolf_Tiles/T_FlatAndWood_Normal.uasset" 147
"D:/Work/Projects/GCS/GCSGolfQuest/GolfQuest/Content/_Assets/Modular_MiniGolf/Textures_Minigolf/Textures_MiniGolf_Tiles/T_FlatAndWood_Mask.uasset" 148
"D:/Work/Projects/GCS/GCSGolfQuest/GolfQuest/Content/_Assets/Modular_MiniGolf/Textures_Minigolf/Textures_MiniGolf_Tiles/T_FlatAndWood_BaseColor.uasset" 149
"D:/Work/Projects/GCS/GCSGolfQuest/GolfQuest/Content/_Assets/Modular_MiniGolf/Material_Instances_Minigolf/Individual_Blockers/MI_FlatAndWood.uasset" 150
"D:/Work/Projects/GCS/GCSGolfQuest/GolfQuest/Content/_Assets/Modular_MiniGolf/Meshes_Minigolf/SM_Flat.uasset" 151
"D:/Work/Projects/GCS/GCSGolfQuest/GolfQuest/Content/_Assets/Modular_MiniGolf/Meshes_Minigolf/SM_FreeBlocker.uasset" 152
"D:/Work/Projects/GCS/GCSGolfQuest/GolfQuest/Content/_Assets/Modular_MiniGolf/Meshes_Minigolf/SM_FreeBlocker02.uasset" 153
"D:/Work/Projects/GCS/GCSGolfQuest/GolfQuest/Content/_Assets/Modular_MiniGolf/Textures_Minigolf/Textures_Minigolf_Misc/T_BlockersAndTubesLP_OcclusionRoughnessMetallic.uasset" 154
"D:/Work/Projects/GCS/GCSGolfQuest/GolfQuest/Content/_Assets/Modular_MiniGolf/Textures_Minigolf/Textures_Minigolf_Misc/T_BlockersAndTubesLP_Normal.uasset" 155
"D:/Work/Projects/GCS/GCSGolfQuest/GolfQuest/Content/_Assets/Modular_MiniGolf/Textures_Minigolf/Textures_Minigolf_Misc/T_BlockersAndTubesLP_BaseColor.uasset" 156
"D:/Work/Projects/GCS/GCSGolfQuest/GolfQuest/Content/_Assets/Modular_MiniGolf/Materials_Minigolf/M_BlockersAndTubes.uasset" 157
"D:/Work/Projects/GCS/GCSGolfQuest/GolfQuest/Content/_Assets/Modular_MiniGolf/Meshes_Minigolf/SM_FreeBlocker03.uasset" 158
"D:/Work/Projects/GCS/GCSGolfQuest/GolfQuest/Content/_Assets/Modular_MiniGolf/Meshes_Minigolf/SM_FreeBlocker04.uasset" 159
"D:/Work/Projects/GCS/GCSGolfQuest/GolfQuest/Content/_Assets/Modular_MiniGolf/Meshes_Minigolf/SM_FreeBlocker05.uasset" 160
"D:/Work/Projects/GCS/GCSGolfQuest/GolfQuest/Content/_Assets/Modular_MiniGolf/Textures_Minigolf/Textures_MiniGolf_Tiles/T_GoalLP_OcclusionRoughnessMetallic.uasset" 161
"D:/Work/Projects/GCS/GCSGolfQuest/GolfQuest/Content/_Assets/Modular_MiniGolf/Textures_Minigolf/Textures_MiniGolf_Tiles/T_GoalLP_Normal.uasset" 162
"D:/Work/Projects/GCS/GCSGolfQuest/GolfQuest/Content/_Assets/Modular_MiniGolf/Textures_Minigolf/Textures_MiniGolf_Tiles/T_GoalLP_Mask.uasset" 163
"D:/Work/Projects/GCS/GCSGolfQuest/GolfQuest/Content/_Assets/Modular_MiniGolf/Textures_Minigolf/Textures_MiniGolf_Tiles/T_GoalLP_BaseColor.uasset" 164
"D:/Work/Projects/GCS/GCSGolfQuest/GolfQuest/Content/_Assets/Modular_MiniGolf/Material_Instances_Minigolf/Individual_Blockers/MI_Goal.uasset" 165
"D:/Work/Projects/GCS/GCSGolfQuest/GolfQuest/Content/_Assets/Modular_MiniGolf/Meshes_Minigolf/SM_Goal.uasset" 166
"D:/Work/Projects/GCS/GCSGolfQuest/GolfQuest/Content/_Assets/Modular_MiniGolf/Textures_Minigolf/Textures_MiniGolf_Tiles/T_HardEdgeOpenLP_OcclusionRoughnessMetallic.uasset" 167
"D:/Work/Projects/GCS/GCSGolfQuest/GolfQuest/Content/_Assets/Modular_MiniGolf/Textures_Minigolf/Textures_MiniGolf_Tiles/T_HardEdgeOpenLP_Normal.uasset" 168
"D:/Work/Projects/GCS/GCSGolfQuest/GolfQuest/Content/_Assets/Modular_MiniGolf/Textures_Minigolf/Textures_MiniGolf_Tiles/T_HardEdgeOpenLP_Mask.uasset" 169
"D:/Work/Projects/GCS/GCSGolfQuest/GolfQuest/Content/_Assets/Modular_MiniGolf/Textures_Minigolf/Textures_MiniGolf_Tiles/T_HardEdgeOpenLP_BaseColor.uasset" 170
"D:/Work/Projects/GCS/GCSGolfQuest/GolfQuest/Content/_Assets/Modular_MiniGolf/Material_Instances_Minigolf/Individual_Blockers/MI_HardEdgeOpen.uasset" 171
"D:/Work/Projects/GCS/GCSGolfQuest/GolfQuest/Content/_Assets/Modular_MiniGolf/Meshes_Minigolf/SM_HardEdgeOpen.uasset" 172
"D:/Work/Projects/GCS/GCSGolfQuest/GolfQuest/Content/_Assets/Modular_MiniGolf/Textures_Minigolf/Textures_MiniGolf_Tiles/T_RoundEdgeLP_OcclusionRoughnessMetallic.uasset" 173
"D:/Work/Projects/GCS/GCSGolfQuest/GolfQuest/Content/_Assets/Modular_MiniGolf/Textures_Minigolf/Textures_MiniGolf_Tiles/T_RoundEdgeLP_Normal.uasset" 174
"D:/Work/Projects/GCS/GCSGolfQuest/GolfQuest/Content/_Assets/Modular_MiniGolf/Textures_Minigolf/Textures_MiniGolf_Tiles/T_RoundEdgeLP_Mask.uasset" 175
"D:/Work/Projects/GCS/GCSGolfQuest/GolfQuest/Content/_Assets/Modular_MiniGolf/Textures_Minigolf/Textures_MiniGolf_Tiles/T_RoundEdgeLP_BaseColor.uasset" 176
"D:/Work/Projects/GCS/GCSGolfQuest/GolfQuest/Content/_Assets/Modular_MiniGolf/Material_Instances_Minigolf/Individual_Blockers/MI_RoundEdge.uasset" 177
"D:/Work/Projects/GCS/GCSGolfQuest/GolfQuest/Content/_Assets/Modular_MiniGolf/Meshes_Minigolf/SM_RoundEdge.uasset" 178
"D:/Work/Projects/GCS/GCSGolfQuest/GolfQuest/Content/_Assets/Modular_MiniGolf/Textures_Minigolf/Textures_MiniGolf_Tiles/T_RoundEdgeOpenLP_OcclusionRoughnessMetallic.uasset" 179
"D:/Work/Projects/GCS/GCSGolfQuest/GolfQuest/Content/_Assets/Modular_MiniGolf/Textures_Minigolf/Textures_MiniGolf_Tiles/T_RoundEdgeOpenLP_Normal.uasset" 180
"D:/Work/Projects/GCS/GCSGolfQuest/GolfQuest/Content/_Assets/Modular_MiniGolf/Textures_Minigolf/Textures_MiniGolf_Tiles/T_RoundEdgeOpenLP_Mask.uasset" 181
"D:/Work/Projects/GCS/GCSGolfQuest/GolfQuest/Content/_Assets/Modular_MiniGolf/Textures_Minigolf/Textures_MiniGolf_Tiles/T_RoundEdgeOpenLP_BaseColor.uasset" 182
"D:/Work/Projects/GCS/GCSGolfQuest/GolfQuest/Content/_Assets/Modular_MiniGolf/Material_Instances_Minigolf/Individual_Blockers/MI_RoundEdgeOpen.uasset" 183
"D:/Work/Projects/GCS/GCSGolfQuest/GolfQuest/Content/_Assets/Modular_MiniGolf/Meshes_Minigolf/SM_RoundEdgeOpen.uasset" 184
"D:/Work/Projects/GCS/GCSGolfQuest/GolfQuest/Content/_Assets/Modular_MiniGolf/Material_Instances_Minigolf/Individual_Blockers/MI_SideOne.uasset" 185
"D:/Work/Projects/GCS/GCSGolfQuest/GolfQuest/Content/_Assets/Modular_MiniGolf/Meshes_Minigolf/SM_SideOne.uasset" 186
"D:/Work/Projects/GCS/GCSGolfQuest/GolfQuest/Content/_Assets/Modular_MiniGolf/Textures_Minigolf/Textures_MiniGolf_Tiles/T_SlopeSoftLP_OcclusionRoughnessMetallic.uasset" 187
"D:/Work/Projects/GCS/GCSGolfQuest/GolfQuest/Content/_Assets/Modular_MiniGolf/Textures_Minigolf/Textures_MiniGolf_Tiles/T_SlopeSoftLP_Normal.uasset" 188
"D:/Work/Projects/GCS/GCSGolfQuest/GolfQuest/Content/_Assets/Modular_MiniGolf/Textures_Minigolf/Textures_MiniGolf_Tiles/T_SlopeSoftLP_Mask.uasset" 189
"D:/Work/Projects/GCS/GCSGolfQuest/GolfQuest/Content/_Assets/Modular_MiniGolf/Textures_Minigolf/Textures_MiniGolf_Tiles/T_SlopeSoftLP_BaseColor.uasset" 190
"D:/Work/Projects/GCS/GCSGolfQuest/GolfQuest/Content/_Assets/Modular_MiniGolf/Material_Instances_Minigolf/Individual_Blockers/MI_SlopeSoft.uasset" 191
"D:/Work/Projects/GCS/GCSGolfQuest/GolfQuest/Content/_Assets/Modular_MiniGolf/Textures_Minigolf/Textures_MiniGolf_Tiles/T_SlopeSide_OcclusionRoughnessMetallic.uasset" 192
"D:/Work/Projects/GCS/GCSGolfQuest/GolfQuest/Content/_Assets/Modular_MiniGolf/Textures_Minigolf/Textures_MiniGolf_Tiles/T_SlopeSide_Normal.uasset" 193
"D:/Work/Projects/GCS/GCSGolfQuest/GolfQuest/Content/_Assets/Modular_MiniGolf/Textures_Minigolf/Textures_MiniGolf_Tiles/T_SlopeSide_BaseColor.uasset" 194
"D:/Work/Projects/GCS/GCSGolfQuest/GolfQuest/Content/_Assets/Modular_MiniGolf/Materials_Minigolf/M_UnderSide.uasset" 195
"D:/Work/Projects/GCS/GCSGolfQuest/GolfQuest/Content/_Assets/Modular_MiniGolf/Meshes_Minigolf/SM_SlopeSoft.uasset" 196
"D:/Work/Projects/GCS/GCSGolfQuest/GolfQuest/Content/_Assets/Modular_MiniGolf/Textures_Minigolf/Textures_MiniGolf_Tiles/T_SlopeLP_OcclusionRoughnessMetallic.uasset" 197
"D:/Work/Projects/GCS/GCSGolfQuest/GolfQuest/Content/_Assets/Modular_MiniGolf/Textures_Minigolf/Textures_MiniGolf_Tiles/T_SlopeLP_Normal.uasset" 198
"D:/Work/Projects/GCS/GCSGolfQuest/GolfQuest/Content/_Assets/Modular_MiniGolf/Textures_Minigolf/Textures_MiniGolf_Tiles/T_Slope_Mask.uasset" 199
"D:/Work/Projects/GCS/GCSGolfQuest/GolfQuest/Content/_Assets/Modular_MiniGolf/Textures_Minigolf/Textures_MiniGolf_Tiles/T_Slope_BaseColor.uasset" 200
"D:/Work/Projects/GCS/GCSGolfQuest/GolfQuest/Content/_Assets/Modular_MiniGolf/Material_Instances_Minigolf/Individual_Blockers/MI_Slope.uasset" 201
"D:/Work/Projects/GCS/GCSGolfQuest/GolfQuest/Content/_Assets/Modular_MiniGolf/Meshes_Minigolf/SM_SlopeStraight.uasset" 202
"D:/Work/Projects/GCS/GCSGolfQuest/GolfQuest/Content/_Assets/Modular_MiniGolf/Meshes_Minigolf/SM_Tube01.uasset" 203
"D:/Work/Projects/GCS/GCSGolfQuest/GolfQuest/Content/_Assets/Modular_MiniGolf/Meshes_Minigolf/SM_Tube02.uasset" 204
"D:/Work/Projects/GCS/GCSGolfQuest/GolfQuest/Content/_Assets/Modular_MiniGolf/Meshes_Minigolf/SM_Tube03.uasset" 205
"D:/Work/Projects/GCS/GCSGolfQuest/GolfQuest/Content/_Assets/Modular_MiniGolf/Meshes_Minigolf/SM_Wood01.uasset" 206
"D:/Work/Projects/GCS/GCSGolfQuest/GolfQuest/Content/_Assets/Modular_MiniGolf/Meshes_Minigolf/SM_Wood02.uasset" 207
"D:/Work/Projects/GCS/GCSGolfQuest/GolfQuest/Content/_Assets/Modular_MiniGolf/Meshes_Minigolf/SM_Wood03.uasset" 208
"D:/Work/Projects/GCS/GCSGolfQuest/GolfQuest/Content/_Assets/Modular_MiniGolf/Meshes_Minigolf/SM_Wood04.uasset" 209
"D:/Work/Projects/GCS/GCSGolfQuest/GolfQuest/Content/_Assets/Modular_MiniGolf/Meshes_Minigolf/SM_WoodShort01.uasset" 210
"D:/Work/Projects/GCS/GCSGolfQuest/GolfQuest/Content/_Assets/Modular_MiniGolf/Meshes_Minigolf/SM_WoodShort02.uasset" 211
"D:/Work/Projects/GCS/GCSGolfQuest/GolfQuest/Content/ProceduralTest/F_3DArray.uasset" 212
"D:/Work/Projects/GCS/GCSGolfQuest/GolfQuest/Content/ProceduralTest/BPF_3DArrayUtils.uasset" 213
"../../../Engine/Content/BasicShapes/BasicShapeMaterial.uasset" 214
"D:/Work/Projects/GCS/GCSGolfQuest/GolfQuest/Content/_Blueprints/BP_Ball.uasset" 215
"D:/Work/Projects/GCS/GCSGolfQuest/GolfQuest/Content/_Blueprints/BP_GolfState.uasset" 216
"D:/Work/Projects/GCS/GCSGolfQuest/GolfQuest/Content/_Blueprints/BP_HoleTrigger.uasset" 217
"D:/Work/Projects/GCS/GCSGolfQuest/GolfQuest/Content/ProceduralTest/Z-Curve.uasset" 218
"../../../Engine/Content/EngineMeshes/Sphere.uasset" 219
"D:/Work/Projects/GCS/GCSGolfQuest/GolfQuest/Content/ProceduralTest/MI_TestGen_1.uasset" 220
"D:/Work/Projects/GCS/GCSGolfQuest/GolfQuest/Content/_Assets/Modular_MiniGolf/MiniGolf_pCube11.uasset" 221
"D:/Work/Projects/GCS/GCSGolfQuest/GolfQuest/Content/_Assets/Modular_MiniGolf/MiniGolf_pCube8.uasset" 222
"D:/Work/Projects/GCS/GCSGolfQuest/GolfQuest/Content/_Assets/Modular_MiniGolf/MiniGolf_pCube16.uasset" 223
"D:/Work/Projects/GCS/GCSGolfQuest/GolfQuest/Content/ProceduralTest/SimplePackTable.uasset" 224
"D:/Work/Projects/GCS/GCSGolfQuest/GolfQuest/Content/ProceduralTest/BP_Generator.uasset" 225
"D:/Work/Projects/GCS/GCSGolfQuest/GolfQuest/Content/_Assets/Geometry/Meshes/AlphaLevelMerged/T_PROXY_SM_AlphaLevelMerged_Mat.uasset" 226
"D:/Work/Projects/GCS/GCSGolfQuest/GolfQuest/Content/_Assets/Geometry/Meshes/AlphaLevelMerged/SM_PROXY_SM_AlphaLevelMerged.uasset" 227
"D:/Work/Projects/GCS/GCSGolfQuest/GolfQuest/Content/_Blueprints/BP_AlphaCourse.uasset" 228
"D:/Work/Projects/GCS/GCSGolfQuest/GolfQuest/Content/_Blueprints/BP_AlphaLevelPositioning.uasset" 229
"D:/Work/Projects/GCS/GCSGolfQuest/GolfQuest/Content/FirstPerson/FirstPersonHand_Skeleton.uasset" 230
"D:/Work/Projects/GCS/GCSGolfQuest/GolfQuest/Content/FirstPerson/FirstPersonHand_PhysicsAsset.uasset" 231
"D:/Work/Projects/GCS/GCSGolfQuest/GolfQuest/Content/FirstPerson/Hand_MatInst_Tan.uasset" 232
"D:/Work/Projects/GCS/GCSGolfQuest/GolfQuest/Content/FirstPerson/FirstPersonHand.uasset" 233
"D:/Work/Projects/GCS/GCSGolfQuest/GolfQuest/Content/_Blueprints/BP_ControlMenu.uasset" 234
"D:/Work/Projects/GCS/GCSGolfQuest/GolfQuest/Content/_Assets/Modular_MiniGolf/Textures_Minigolf/Textures_Minigolf_Misc/T_Club_OcclusionRoughnessMetallic.uasset" 235
"D:/Work/Projects/GCS/GCSGolfQuest/GolfQuest/Content/_Assets/Modular_MiniGolf/Textures_Minigolf/Textures_Minigolf_Misc/T_Club_Normal.uasset" 236
"D:/Work/Projects/GCS/GCSGolfQuest/GolfQuest/Content/_Assets/Modular_MiniGolf/Textures_Minigolf/Textures_Minigolf_Misc/T_Club_Mask.uasset" 237
"D:/Work/Projects/GCS/GCSGolfQuest/GolfQuest/Content/_Assets/Modular_MiniGolf/Textures_Minigolf/Textures_Minigolf_Misc/T_Club_BaseColor.uasset" 238
"D:/Work/Projects/GCS/GCSGolfQuest/GolfQuest/Content/_Assets/Modular_MiniGolf/Materials_Minigolf/M_Club.uasset" 239
"D:/Work/Projects/GCS/GCSGolfQuest/GolfQuest/Content/_Assets/Modular_MiniGolf/Material_Instances_Minigolf/MI_Club.uasset" 240
"D:/Work/Projects/GCS/GCSGolfQuest/GolfQuest/Content/_Assets/Modular_MiniGolf/Meshes_Minigolf/SM_Club.uasset" 241
"D:/Work/Projects/GCS/GCSGolfQuest/GolfQuest/Content/_Assets/CustomHand/Anim/FPH_PoseSpread.uasset" 242
"D:/Work/Projects/GCS/GCSGolfQuest/GolfQuest/Content/_Assets/CustomHand/Anim/FPH_PoseFist.uasset" 243
"D:/Work/Projects/GCS/GCSGolfQuest/GolfQuest/Content/_Assets/CustomHand/Anim/3FingerGrip.uasset" 244
"D:/Work/Projects/GCS/GCSGolfQuest/GolfQuest/Content/_Assets/CustomHand/Anim/BS_Grip.uasset" 245
"D:/Work/Projects/GCS/GCSGolfQuest/GolfQuest/Content/_Assets/CustomHand/Anim/FPH_PoseAoK.uasset" 246
"D:/Work/Projects/GCS/GCSGolfQuest/GolfQuest/Content/_Assets/CustomHand/Anim/BS2_Grip.uasset" 247
"D:/Work/Projects/GCS/GCSGolfQuest/GolfQuest/Content/_Assets/CustomHand/Anim/BP_Hand_Anim.uasset" 248
"D:/Work/Projects/GCS/GCSGolfQuest/GolfQuest/Content/_Blueprints/BP_VRChar.uasset" 249
"D:/Work/Projects/GCS/GCSGolfQuest/GolfQuest/Content/_Blueprints/BP_GolfClubGameModeBase.uasset" 250
"D:/Work/Projects/GCS/GCSGolfQuest/GolfQuest/Content/_Blueprints/BP_ScoreTracking.uasset" 251
"D:/Work/Projects/GCS/GCSGolfQuest/GolfQuest/Content/_Assets/Modular_MiniGolf/Meshes_Minigolf/SM_Ball.uasset" 252
"D:/Work/Projects/GCS/GCSGolfQuest/GolfQuest/Content/_Blueprints/BP_TestBall.uasset" 253
"D:/Work/Projects/GCS/GCSGolfQuest/GolfQuest/Content/_Blueprints/BP_WinScreen.uasset" 254
"D:/Work/Projects/GCS/GCSGolfQuest/GolfQuest/Content/_Music/MainMenuTheme.uasset" 255
"D:/Work/Projects/GCS/GCSGolfQuest/GolfQuest/Content/_Music/MainMenuTheme_Cue.uasset" 256
"../../../Engine/Content/ArtTools/RenderToTexture/Meshes/S_1_Unit_Plane.uasset" 257
"../../../Engine/Content/BasicShapes/Cone.uasset" 258
"../../../Engine/Content/BasicShapes/Cube.uasset" 259
"../../../Engine/Content/BasicShapes/Plane.uasset" 260
"../../../Engine/Content/EditorLandscapeResources/DataLayer.uasset" 261
"../../../Engine/Content/EditorLandscapeResources/DefaultAlphaTexture.uasset" 262
"../../../Engine/Content/EditorMaterials/MAT_Groups_Toggle.uasset" 263
"../../../Engine/Content/EditorMaterials/MAT_Groups_Visibility.uasset" 264
"../../../Engine/Content/EditorMaterials/PreviewShadowIndicator.uasset" 265
"../../../Engine/Content/EditorMaterials/PreviewShadowIndicatorMaterial.uasset" 266
"../../../Engine/Content/EditorMaterials/MatineeGroups/MAT_ColorTrack.uasset" 267
"../../../Engine/Content/EditorMaterials/MatineeGroups/MAT_Groups_Anim.uasset" 268
"../../../Engine/Content/EditorMaterials/MatineeGroups/MAT_Groups_AudioMaster.uasset" 269
"../../../Engine/Content/EditorMaterials/MatineeGroups/MAT_Groups_Director.uasset" 270
"../../../Engine/Content/EditorMaterials/MatineeGroups/MAT_Groups_Event.uasset" 271
"../../../Engine/Content/EditorMaterials/MatineeGroups/MAT_Groups_Fade.uasset" 272
"../../../Engine/Content/EditorMaterials/MatineeGroups/MAT_Groups_Float.uasset" 273
"../../../Engine/Content/EditorMaterials/MatineeGroups/MAT_Groups_Move.uasset" 274
"../../../Engine/Content/EditorMaterials/MatineeGroups/MAT_Groups_Slomo.uasset" 275
"../../../Engine/Content/EditorMaterials/MatineeGroups/MAT_Groups_Sound.uasset" 276
"../../../Engine/Content/EditorMaterials/MatineeGroups/MAT_Groups_Vector.uasset" 277
"../../../Engine/Content/EditorMaterials/ParticleSystems/PSysThumbnail_NoImage.uasset" 278
"../../../Engine/Content/EditorMaterials/ParticleSystems/PSysThumbnail_OOD.uasset" 279
"../../../Engine/Content/EditorMaterials/Camera/CineMat.uasset" 280
"../../../Engine/Content/EditorMaterials/Camera/MI_CineMat_Rig.uasset" 281
"../../../Engine/Content/EditorMeshes/Camera/SM_CraneRig_Arm.uasset" 282
"../../../Engine/Content/EditorMeshes/Camera/SM_CraneRig_Base.uasset" 283
"../../../Engine/Content/EditorMeshes/Camera/SM_CraneRig_Body.uasset" 284
"../../../Engine/Content/EditorMeshes/Camera/SM_CraneRig_Mount.uasset" 285
"../../../Engine/Content/EditorMeshes/Camera/SM_RailRig_Mount.uasset" 286
"../../../Engine/Content/EditorMeshes/Camera/SM_RailRig_Track.uasset" 287
"../../../Engine/Content/EditorResources/BSPVertex.uasset" 288
"../../../Engine/Content/EditorResources/EmptyActor.uasset" 289
"../../../Engine/Content/EditorResources/S_Actor.uasset" 290
"../../../Engine/Content/EditorResources/S_Note.uasset" 291
"../../../Engine/Content/EditorResources/S_Solver.uasset" 292
"../../../Engine/Content/EditorResources/S_Terrain.uasset" 293
"../../../Engine/Content/EditorResources/S_Trigger.uasset" 294
"../../../Engine/Content/EditorResources/AudioIcons/S_AudioComponent_AutoActivate.uasset" 295
"../../../Engine/Content/EditorResources/LightIcons/S_LightError.uasset" 296
"../../../Engine/Content/EditorResources/SequenceRecorder/Countdown.uasset" 297
"../../../Engine/Content/EditorResources/SequenceRecorder/RecordingIndicator.uasset" 298
"../../../Engine/Content/EngineDamageTypes/DmgTypeBP_Environmental.uasset" 299
"../../../Engine/Content/EngineDebugMaterials/DebugEditorMaterial.uasset" 300
"../../../Engine/Content/EngineDebugMaterials/DebugMeshMaterial.uasset" 301
"../../../Engine/Content/EngineDebugMaterials/M_SimpleUnlitTranslucent.uasset" 302
"../../../Engine/Content/EngineDebugMaterials/VolumeToRender.uasset" 303
"../../../Engine/Content/EngineDebugMaterials/M_VolumeRenderSphereTracePP.uasset" 304
"../../../Engine/Content/Functions/Engine_MaterialFunctions01/Shading/ConvertFromDiffSpec.uasset" 305
"../../../Engine/Content/EngineDebugMaterials/VertexColorMaterial.uasset" 306
"../../../Engine/Content/EngineDebugMaterials/WireframeMaterial.uasset" 307
"../../../Engine/Content/EngineFonts/Faces/RobotoRegular.uasset" 308
"../../../Engine/Content/EngineFonts/Faces/RobotoLight.uasset" 309
"../../../Engine/Content/EngineFonts/Faces/RobotoItalic.uasset" 310
"../../../Engine/Content/EngineFonts/Faces/RobotoBoldItalic.uasset" 311
"../../../Engine/Content/EngineFonts/Faces/RobotoBold.uasset" 312
"../../../Engine/Content/EngineFonts/Faces/DroidSansFallback.uasset" 313
"../../../Engine/Content/EngineFonts/Roboto.uasset" 314
"../../../Engine/Content/EngineMaterials/BlueNoise.uasset" 315
"../../../Engine/Content/EngineMaterials/DefaultBloomKernel.uasset" 316
"../../../Engine/Content/EngineMaterials/DefaultBokeh.uasset" 317
"../../../Engine/Content/EngineMaterials/DefaultDiffuse.uasset" 318
"../../../Engine/Content/EngineMaterials/DefaultDeferredDecalMaterial.uasset" 319
"../../../Engine/Content/EngineMaterials/DefaultLightFunctionMaterial.uasset" 320
"../../../Engine/Content/EngineMaterials/DefaultPhysicalMaterial.uasset" 321
"../../../Engine/Content/EngineMaterials/DefaultPostProcessMaterial.uasset" 322
"../../../Engine/Content/EngineFonts/RobotoDistanceField.uasset" 323
"../../../Engine/Content/EngineMaterials/DefaultTextMaterialOpaque.uasset" 324
"../../../Engine/Content/EngineMaterials/DefaultWhiteGrid.uasset" 325
"../../../Engine/Content/EngineMaterials/DefaultWhiteGrid_Low.uasset" 326
"../../../Engine/Content/EngineMaterials/EmissiveMeshMaterial.uasset" 327
"../../../Engine/Content/EngineMaterials/GizmoMaterial.uasset" 328
"../../../Engine/Content/EngineMaterials/MiniFont.uasset" 329
"../../../Engine/Content/EngineMaterials/InvalidLightmapSettings.uasset" 330
"../../../Engine/Content/EngineMaterials/M_InvalidLightmapSettings.uasset" 331
"../../../Engine/Content/Functions/Engine_MaterialFunctions02/WorldPositionOffset/CameraOffset.uasset" 332
"../../../Engine/Content/EngineMaterials/PhAT_JointLimitMaterial.uasset" 333
"../../../Engine/Content/EngineMaterials/PreintegratedSkinBRDF.uasset" 334
"../../../Engine/Content/EngineMaterials/RemoveSurfaceMaterial.uasset" 335
"../../../Engine/Content/EngineMaterials/WeightMapPlaceholderTexture.uasset" 336
"../../../Engine/Content/EngineResources/WhiteSquareTexture.uasset" 337
"../../../Engine/Content/EngineMaterials/Widget3DPassThrough.uasset" 338
"../../../Engine/Content/EngineMaterials/Widget3DPassThrough_Masked.uasset" 339
"../../../Engine/Content/EngineMaterials/Widget3DPassThrough_Opaque.uasset" 340
"../../../Engine/Content/EngineMaterials/Widget3DPassThrough_Masked_OneSided.uasset" 341
"../../../Engine/Content/EngineMaterials/Widget3DPassThrough_Opaque_OneSided.uasset" 342
"../../../Engine/Content/EngineMaterials/Widget3DPassThrough_Translucent.uasset" 343
"../../../Engine/Content/EngineMaterials/Widget3DPassThrough_Translucent_OneSided.uasset" 344
"../../../Engine/Content/EngineMeshes/Cylinder.uasset" 345
"../../../Engine/Content/EngineResources/Black.uasset" 346
"../../../Engine/Content/EngineResources/DefaultTextureCube.uasset" 347
"../../../Engine/Content/EngineResources/DefaultVolumeTexture2D.uasset" 348
"../../../Engine/Content/EngineResources/DefaultVolumeTexture.uasset" 349
"../../../Engine/Content/EngineResources/GradientTexture0.uasset" 350
"../../../Engine/Content/EngineSky/VolumetricClouds/T_NoiseShape64.uasset" 351
"../../../Engine/Content/EngineSky/VolumetricClouds/T_VolumeNoiseShape64.uasset" 352
"../../../Engine/Content/EngineSky/VolumetricClouds/T_NoiseErosion.uasset" 353
"../../../Engine/Content/EngineSky/VolumetricClouds/T_VolumeNoiseErosion32.uasset" 354
"../../../Engine/Content/EngineSky/VolumetricClouds/CloudWeatherTexture.uasset" 355
"../../../Engine/Content/EngineSky/VolumetricClouds/CloudGradientTexture.uasset" 356
"../../../Engine/Content/Functions/Engine_MaterialFunctions02/Utility/MakeFloat2.uasset" 357
"../../../Engine/Content/EngineSky/VolumetricClouds/m_SimpleVolumetricCloud.uasset" 358
"../../../Engine/Content/EngineSky/VolumetricClouds/m_SimpleVolumetricCloud_Inst.uasset" 359
"../../../Engine/Content/EngineSounds/Master.uasset" 360
"../../../Engine/Content/Functions/Engine_MaterialFunctions01/Shading/PowerToRoughness.uasset" 361
"../../../Engine/Content/Maps/Templates/Thumbnails/Default.uasset" 362
"../../../Engine/Content/Maps/Templates/Thumbnails/TimeOfDay.uasset" 363
"../../../Engine/Content/Maps/Templates/Thumbnails/VR-Basic.uasset" 364
"../../../Engine/Content/MobileResources/T_MobileControls_texture.uasset" 365
"../../../Engine/Content/MobileResources/T_MobileMenu2.uasset" 366
"../../../Engine/Content/MobileResources/HUD/AnalogHat.uasset" 367
"../../../Engine/Content/MobileResources/HUD/VirtualJoystick_Thumb.uasset" 368
"../../../Engine/Content/MobileResources/HUD/VirtualJoystick_Background.uasset" 369
"../../../Engine/Content/MobileResources/HUD/DefaultVirtualJoysticks.uasset" 370
"../../../Engine/Content/MobileResources/HUD/LeftVirtualJoystickOnly.uasset" 371
"../../../Engine/Content/MobileResources/HUD/MobileHUDButton1_off.uasset" 372
"../../../Engine/Content/MobileResources/HUD/MobileHUDButton1_on.uasset" 373
"../../../Engine/Content/MobileResources/HUD/MobileHUDButton2_off.uasset" 374
"../../../Engine/Content/MobileResources/HUD/MobileHUDButton2_on.uasset" 375
"../../../Engine/Content/MobileResources/HUD/MobileHUDButton3.uasset" 376
"../../../Engine/Content/MobileResources/HUD/MobileHUDButtonFire.uasset" 377
"../../../Engine/Content/MobileResources/HUD/MobileHUDDirectionPad.uasset" 378
"../../../Engine/Content/MobileResources/HUD/MobileHUDDirectionPad2.uasset" 379
"../../../Engine/Content/MobileResources/HUD/MobileHUDDirectionPad3.uasset" 380
"../../../Engine/Content/MobileResources/HUD/MobileHUDDirectionStick.uasset" 381
"../../../Engine/Content/MobileResources/HUD/T_Castle_ThumbstickInner.uasset" 382
"../../../Engine/Content/MobileResources/HUD/T_Castle_ThumbstickOutter.uasset" 383
"../../../Engine/Content/Tutorial/ContentIntroCurve.uasset" 384
"../../../Engine/Content/Tutorial/Basics/LevelEditorAttract.uasset" 385
"../../../Engine/Content/VREditor/TransformGizmo/TranslucentTransformGizmoMaterial.uasset" 386
"../../../Engine/Content/VREditor/LaserPointer/VR_LaserPower_01.uasset" 387
"../../../Engine/Content/VREditor/TransformGizmo/TransformGizmoMaterial.uasset" 388
"../../../Engine/Content/VREditor/TransformGizmo/BoundingBoxCorner.uasset" 389
"../../../Engine/Content/VREditor/TransformGizmo/BoundingBoxEdge.uasset" 390
"../../../Engine/Content/VREditor/TransformGizmo/PlaneTranslationHandle.uasset" 391
"../../../Engine/Content/VREditor/TransformGizmo/Xray.uasset" 392
"../../../Engine/Content/VREditor/TransformGizmo/Main.uasset" 393
"../../../Engine/Content/VREditor/TransformGizmo/SM_Sequencer_Key.uasset" 394
"../../../Engine/Content/VREditor/TransformGizmo/SM_Sequencer_Node.uasset" 395
"../../Plugins/2D/Paper2D/Content/PlaceholderTextures/DummySpriteTexture.uasset" 396
"../../Plugins/2D/Paper2D/Content/DummySprite.uasset" 397
"../../Plugins/2D/Paper2D/Content/DefaultPaperTerrainMaterial.uasset" 398
"../../Plugins/2D/Paper2D/Content/DefaultSpriteMaterial.uasset" 399
"../../Plugins/2D/Paper2D/Content/MaskedUnlitSpriteMaterial.uasset" 400
"../../Plugins/2D/Paper2D/Content/OpaqueUnlitSpriteMaterial.uasset" 401
"../../../Engine/Content/Functions/Engine_MaterialFunctions02/ObjectLocalBounds.uasset" 402
"../../../Engine/Content/Functions/Engine_MaterialFunctions02/Utility/BreakOutFloat3Components.uasset" 403
"../../Plugins/Editor/SpeedTreeImporter/Content/SpeedTree9/UnpackInteger3.uasset" 404
"../../Plugins/Editor/SpeedTreeImporter/Content/SpeedTree9/UnpackDirection.uasset" 405
"../../Plugins/Editor/SpeedTreeImporter/Content/SpeedTree9/game_wind_noise.uasset" 406
"../../../Engine/Content/Functions/Engine_MaterialFunctions02/SafeNormalize.uasset" 407
"../../Plugins/Editor/SpeedTreeImporter/Content/SpeedTree9/SpeedTreeWindMotion.uasset" 408
"../../Plugins/Editor/SpeedTreeImporter/Content/SpeedTree9/SpeedTreeBranchMotion.uasset" 409
"../../../Engine/Content/Functions/Engine_MaterialFunctions02/UVs/BoundingBoxBased_0-1_UVW.uasset" 410
"../../Plugins/Editor/SpeedTreeImporter/Content/SpeedTree9/SpeedTreeWind.uasset" 411
"../../Plugins/Editor/SpeedTreeImporter/Content/SpeedTree9/SpeedTreeBillboard.uasset" 412
"../../../Engine/Content/EngineResources/DefaultTexture.uasset" 413
"../../Plugins/Editor/SpeedTreeImporter/Content/SpeedTree9/SpeedTreeBillboardMaster.uasset" 414
"../../Plugins/Editor/SpeedTreeImporter/Content/SpeedTree9/SpeedTreeCameraFacing.uasset" 415
"../../Plugins/Editor/SpeedTreeImporter/Content/SpeedTree9/SpeedTreeMaster.uasset" 416
"../../../Engine/Content/ArtTools/RenderToTexture/Materials/Debug/M_Emissive_Color.uasset" 417
"../../Plugins/Lumin/MagicLeapPassableWorld/Content/MagicLeapARPinInfoActor.uasset" 418
"../../../Engine/Content/Functions/Engine_MaterialFunctions02/Utility/BreakOutFloat4Components.uasset" 419
"../../../Engine/Content/Functions/Engine_MaterialFunctions02/Utility/MakeFloat3.uasset" 420
"../../Plugins/Runtime/Oculus/OculusVR/Content/Materials/OculusMR_ChromaKey.uasset" 421
"../../Plugins/Runtime/Oculus/OculusVR/Content/Materials/OculusMR_OpaqueColoredMaterial.uasset" 422
"../../Plugins/Runtime/Oculus/OculusVR/Content/Materials/PokeAHoleMaterial.uasset" 423
"D:/Work/Projects/GCS/GCSGolfQuest/GolfQuest/Content/_Assets/Modular_MiniGolf/GQ_TilesWithHoles_MiniGolf_pCube1e_hole.uasset" 424
"D:/Work/Projects/GCS/GCSGolfQuest/GolfQuest/Content/ProceduralTest/ScaledDownTable.uasset" 425
"D:/Work/Projects/GCS/GCSGolfQuest/GolfQuest/Content/ProceduralTest/ProceduralTestWorld_BuiltData.uasset" 426
"../../../Engine/Content/MapTemplates/Sky/DaylightAmbientCubemap.uasset" 427
"D:/Work/Projects/GCS/GCSGolfQuest/GolfQuest/Content/ProceduralTest/ProceduralTestWorld.umap" 428
"D:/Work/Projects/GCS/GCSGolfQuest/GolfQuest/Content/_Blueprints/SM_Hole_Blueprint.uasset" 429
"D:/Work/Projects/GCS/GCSGolfQuest/GolfQuest/Content/VirtualRealityBP/NonBPAssets/Materials/GenericHMDMaterial.uasset" 430
"D:/Work/Projects/GCS/GCSGolfQuest/GolfQuest/Content/VirtualRealityBP/NonBPAssets/Meshes/GenericHMD.uasset" 431
"D:/Work/Projects/GCS/GCSGolfQuest/GolfQuest/Content/VirtualRealityBP/NonBPAssets/Materials/M_BaseMaterial.uasset" 432
"D:/Work/Projects/GCS/GCSGolfQuest/GolfQuest/Content/VirtualRealityBP/NonBPAssets/Materials/MI_BaseMaterial3.uasset" 433
"D:/Work/Projects/GCS/GCSGolfQuest/GolfQuest/Content/VirtualRealityBP/NonBPAssets/Materials/MI_BaseMaterial2.uasset" 434
"D:/Work/Projects/GCS/GCSGolfQuest/GolfQuest/Content/VirtualRealityBP/Maps/StartupMap_BuiltData.uasset" 435
"D:/Work/Projects/GCS/GCSGolfQuest/GolfQuest/Content/VirtualRealityBP/Maps/StartupMap.umap" 436
"D:/Work/Projects/GCS/GCSGolfQuest/GolfQuest/Content/ProceduralTest/BP_GeneratorDynamicBounds.uasset" 437
"D:/Work/Projects/GCS/GCSGolfQuest/GolfQuest/Content/_Music/LevelTheme.uasset" 438
"D:/Work/Projects/GCS/GCSGolfQuest/GolfQuest/Content/_Music/LevelTheme_Cue.uasset" 439
"../../../Engine/Content/EngineSky/T_Sky_Stars.uasset" 440
"../../../Engine/Content/EngineSky/T_Sky_Clouds_M.uasset" 441
"../../../Engine/Content/EngineSky/T_Sky_Blue.uasset" 442
"../../../Engine/Content/EngineSky/M_Sky_Panning_Clouds2.uasset" 443
"D:/Work/Projects/GCS/GCSGolfQuest/GolfQuest/Content/_Maps/AlphaMap_BuiltData.uasset" 444
"../../../Engine/Content/EngineSky/SM_SkySphere.uasset" 445
"../../../Engine/Content/EngineSky/C_Sky_Zenith_Color.uasset" 446
"../../../Engine/Content/EngineSky/C_Sky_Horizon_Color.uasset" 447
"../../../Engine/Content/EngineSky/C_Sky_Cloud_Color.uasset" 448
"../../../Engine/Content/EngineSky/BP_Sky_Sphere.uasset" 449
"D:/Work/Projects/GCS/GCSGolfQuest/GolfQuest/Content/_Maps/AlphaMap.umap" 450
"D:/Work/Projects/GCS/GCSGolfQuest/GolfQuest/Content/VirtualRealityBP/NonBPAssets/Materials/MI_SmallCubes.uasset" 451
"D:/Work/Projects/GCS/GCSGolfQuest/GolfQuest/Content/VirtualRealityBP/Blueprints/BP_PickupCube_2.uasset" 452
"D:/Work/Projects/GCS/GCSGolfQuest/GolfQuest/Content/VirtualRealityBP/Blueprints/BP_PickupCube.uasset" 453
"D:/Work/Projects/GCS/GCSGolfQuest/GolfQuest/Content/_Maps/MatthewWorld_BuiltData.uasset" 454
"D:/Work/Projects/GCS/GCSGolfQuest/GolfQuest/Content/_Maps/MatthewWorld.umap" 455
"../../../Engine/Content/Maps/Entry_BuiltData.uasset" 456
"../../../Engine/Content/Maps/Entry.umap" 457
